<?xml version="1.0" encoding="UTF-8"?><testsuite errors="2" failures="0" name="Realizar el registro de un pedido con medio de pago Bono con Consignacion" skipped="0" tests="2" time="51.05" timestamp="2020-11-18 12:06:38"><testcase name="Crear un pedido con pago Bono sin Consignacion"><error message="no such element: Unable to locate element: {&quot;method&quot;:&quot;link text&quot;,&quot;selector&quot;:&quot;Televentas&quot;}&#10;  (Session info: chrome=86.0.4240.198)&#10;For documentation on this error, please visit: https://www.seleniumhq.org/exceptions/no_such_element.html&#10;Build info: version: '3.141.59', revision: 'e82be7d358', time: '2018-11-14T08:17:03'&#10;System info: host: 'DESKTOP-C71OTJT', ip: '192.169.24.62', os.name: 'Windows 10', os.arch: 'amd64', os.version: '10.0', java.version: '13.0.5'&#10;Driver info: org.openqa.selenium.chrome.ChromeDriver&#10;Capabilities {acceptInsecureCerts: false, browserName: chrome, browserVersion: 86.0.4240.198, chrome: {chromedriverVersion: 86.0.4240.22 (398b0743353ff..., userDataDir: C:\Users\user\AppData\Local...}, goog:chromeOptions: {debuggerAddress: localhost:55088}, javascriptEnabled: true, networkConnectionEnabled: false, pageLoadStrategy: normal, platform: WINDOWS, platformName: WINDOWS, proxy: Proxy(), setWindowRect: true, strictFileInteractability: false, timeouts: {implicit: 0, pageLoad: 300000, script: 30000}, unhandledPromptBehavior: ignore, webauthn:virtualAuthenticators: true}&#10;Session ID: aab5cd89eb9fae8636f7848ac10eee9a&#10;*** Element info: {Using=link text, value=Televentas}&#10;For documentation on this error, please visit: https://www.seleniumhq.org/exceptions/no_such_element.html&#10;Build info: version: '3.141.59', revision: 'e82be7d358', time: '2018-11-14T08:17:03'&#10;System info: host: 'DESKTOP-C71OTJT', ip: '192.169.24.62', os.name: 'Windows 10', os.arch: 'amd64', os.version: '10.0', java.version: '13.0.5'&#10;Driver info: driver.version: unknown" type="org.openqa.selenium.NoSuchElementException">no such element: Unable to locate element: {"method":"link text","selector":"Televentas"}
  (Session info: chrome=86.0.4240.198)
For documentation on this error, please visit: https://www.seleniumhq.org/exceptions/no_such_element.html
Build info: version: '3.141.59', revision: 'e82be7d358', time: '2018-11-14T08:17:03'
System info: host: 'DESKTOP-C71OTJT', ip: '192.169.24.62', os.name: 'Windows 10', os.arch: 'amd64', os.version: '10.0', java.version: '13.0.5'
Driver info: org.openqa.selenium.chrome.ChromeDriver
Capabilities {acceptInsecureCerts: false, browserName: chrome, browserVersion: 86.0.4240.198, chrome: {chromedriverVersion: 86.0.4240.22 (398b0743353ff..., userDataDir: C:\Users\user\AppData\Local...}, goog:chromeOptions: {debuggerAddress: localhost:55088}, javascriptEnabled: true, networkConnectionEnabled: false, pageLoadStrategy: normal, platform: WINDOWS, platformName: WINDOWS, proxy: Proxy(), setWindowRect: true, strictFileInteractability: false, timeouts: {implicit: 0, pageLoad: 300000, script: 30000}, unhandledPromptBehavior: ignore, webauthn:virtualAuthenticators: true}
Session ID: aab5cd89eb9fae8636f7848ac10eee9a
*** Element info: {Using=link text, value=Televentas}
For documentation on this error, please visit: https://www.seleniumhq.org/exceptions/no_such_element.html
Build info: version: '3.141.59', revision: 'e82be7d358', time: '2018-11-14T08:17:03'
System info: host: 'DESKTOP-C71OTJT', ip: '192.169.24.62', os.name: 'Windows 10', os.arch: 'amd64', os.version: '10.0', java.version: '13.0.5'
Driver info: driver.version: unknown</error><system-err>no such element: Unable to locate element: {"method":"link text","selector":"Televentas"}
  (Session info: chrome=86.0.4240.198)
For documentation on this error, please visit: https://www.seleniumhq.org/exceptions/no_such_element.html
Build info: version: '3.141.59', revision: 'e82be7d358', time: '2018-11-14T08:17:03'
System info: host: 'DESKTOP-C71OTJT', ip: '192.169.24.62', os.name: 'Windows 10', os.arch: 'amd64', os.version: '10.0', java.version: '13.0.5'
Driver info: org.openqa.selenium.chrome.ChromeDriver
Capabilities {acceptInsecureCerts: false, browserName: chrome, browserVersion: 86.0.4240.198, chrome: {chromedriverVersion: 86.0.4240.22 (398b0743353ff..., userDataDir: C:\Users\user\AppData\Local...}, goog:chromeOptions: {debuggerAddress: localhost:55088}, javascriptEnabled: true, networkConnectionEnabled: false, pageLoadStrategy: normal, platform: WINDOWS, platformName: WINDOWS, proxy: Proxy(), setWindowRect: true, strictFileInteractability: false, timeouts: {implicit: 0, pageLoad: 300000, script: 30000}, unhandledPromptBehavior: ignore, webauthn:virtualAuthenticators: true}
Session ID: aab5cd89eb9fae8636f7848ac10eee9a
*** Element info: {Using=link text, value=Televentas}
For documentation on this error, please visit: https://www.seleniumhq.org/exceptions/no_such_element.html
Build info: version: '3.141.59', revision: 'e82be7d358', time: '2018-11-14T08:17:03'
System info: host: 'DESKTOP-C71OTJT', ip: '192.169.24.62', os.name: 'Windows 10', os.arch: 'amd64', os.version: '10.0', java.version: '13.0.5'
Driver info: driver.version: unknown&#13;
cmpqr.cartera.page.RegistroPedido.clicTeleventas(RegistroPedido.java:107)&#13;
cmpqr.cartera.steps.RegistroPedidoSteps.irModuloTeleventas(RegistroPedidoSteps.java:36)&#13;
cmpqrcartera.televentas.stepdefinitions.cedulaciudadania.PedidoBonoConConsignacionStepDefinitions.se_ingresa_al_modulo_de_Televentas_y_se_hace_clic_en_Crear(PedidoBonoConConsignacionStepDefinitions.java:30)&#13;
✽.Se ingresa al modulo de Televentas y se hace clic en Crear(src/test/resources/cmpqr.cartera.featuresteleventas/PedidoBonoConConsignacion.feature:8)&#13;
</system-err></testcase><testcase name="Asignar el estado casa cliente pendiente al pedido"><error message="no such element: Unable to locate element: {&quot;method&quot;:&quot;xpath&quot;,&quot;selector&quot;:&quot;//*[@id='solicitudes']/tbody/tr/td[1]/a[1]&quot;}&#10;  (Session info: chrome=86.0.4240.198)&#10;For documentation on this error, please visit: https://www.seleniumhq.org/exceptions/no_such_element.html&#10;Build info: version: '3.141.59', revision: 'e82be7d358', time: '2018-11-14T08:17:03'&#10;System info: host: 'DESKTOP-C71OTJT', ip: '192.169.24.62', os.name: 'Windows 10', os.arch: 'amd64', os.version: '10.0', java.version: '13.0.5'&#10;Driver info: org.openqa.selenium.chrome.ChromeDriver&#10;Capabilities {acceptInsecureCerts: false, browserName: chrome, browserVersion: 86.0.4240.198, chrome: {chromedriverVersion: 86.0.4240.22 (398b0743353ff..., userDataDir: C:\Users\user\AppData\Local...}, goog:chromeOptions: {debuggerAddress: localhost:55108}, javascriptEnabled: true, networkConnectionEnabled: false, pageLoadStrategy: normal, platform: WINDOWS, platformName: WINDOWS, proxy: Proxy(), setWindowRect: true, strictFileInteractability: false, timeouts: {implicit: 0, pageLoad: 300000, script: 30000}, unhandledPromptBehavior: ignore, webauthn:virtualAuthenticators: true}&#10;Session ID: f8ae2cb77a6060e6ec6d2fde66ed03a9&#10;*** Element info: {Using=xpath, value=//*[@id='solicitudes']/tbody/tr/td[1]/a[1]}&#10;For documentation on this error, please visit: https://www.seleniumhq.org/exceptions/no_such_element.html&#10;Build info: version: '3.141.59', revision: 'e82be7d358', time: '2018-11-14T08:17:03'&#10;System info: host: 'DESKTOP-C71OTJT', ip: '192.169.24.62', os.name: 'Windows 10', os.arch: 'amd64', os.version: '10.0', java.version: '13.0.5'&#10;Driver info: driver.version: unknown" type="org.openqa.selenium.NoSuchElementException">no such element: Unable to locate element: {"method":"xpath","selector":"//*[@id='solicitudes']/tbody/tr/td[1]/a[1]"}
  (Session info: chrome=86.0.4240.198)
For documentation on this error, please visit: https://www.seleniumhq.org/exceptions/no_such_element.html
Build info: version: '3.141.59', revision: 'e82be7d358', time: '2018-11-14T08:17:03'
System info: host: 'DESKTOP-C71OTJT', ip: '192.169.24.62', os.name: 'Windows 10', os.arch: 'amd64', os.version: '10.0', java.version: '13.0.5'
Driver info: org.openqa.selenium.chrome.ChromeDriver
Capabilities {acceptInsecureCerts: false, browserName: chrome, browserVersion: 86.0.4240.198, chrome: {chromedriverVersion: 86.0.4240.22 (398b0743353ff..., userDataDir: C:\Users\user\AppData\Local...}, goog:chromeOptions: {debuggerAddress: localhost:55108}, javascriptEnabled: true, networkConnectionEnabled: false, pageLoadStrategy: normal, platform: WINDOWS, platformName: WINDOWS, proxy: Proxy(), setWindowRect: true, strictFileInteractability: false, timeouts: {implicit: 0, pageLoad: 300000, script: 30000}, unhandledPromptBehavior: ignore, webauthn:virtualAuthenticators: true}
Session ID: f8ae2cb77a6060e6ec6d2fde66ed03a9
*** Element info: {Using=xpath, value=//*[@id='solicitudes']/tbody/tr/td[1]/a[1]}
For documentation on this error, please visit: https://www.seleniumhq.org/exceptions/no_such_element.html
Build info: version: '3.141.59', revision: 'e82be7d358', time: '2018-11-14T08:17:03'
System info: host: 'DESKTOP-C71OTJT', ip: '192.169.24.62', os.name: 'Windows 10', os.arch: 'amd64', os.version: '10.0', java.version: '13.0.5'
Driver info: driver.version: unknown</error><system-err>no such element: Unable to locate element: {"method":"xpath","selector":"//*[@id='solicitudes']/tbody/tr/td[1]/a[1]"}
  (Session info: chrome=86.0.4240.198)
For documentation on this error, please visit: https://www.seleniumhq.org/exceptions/no_such_element.html
Build info: version: '3.141.59', revision: 'e82be7d358', time: '2018-11-14T08:17:03'
System info: host: 'DESKTOP-C71OTJT', ip: '192.169.24.62', os.name: 'Windows 10', os.arch: 'amd64', os.version: '10.0', java.version: '13.0.5'
Driver info: org.openqa.selenium.chrome.ChromeDriver
Capabilities {acceptInsecureCerts: false, browserName: chrome, browserVersion: 86.0.4240.198, chrome: {chromedriverVersion: 86.0.4240.22 (398b0743353ff..., userDataDir: C:\Users\user\AppData\Local...}, goog:chromeOptions: {debuggerAddress: localhost:55108}, javascriptEnabled: true, networkConnectionEnabled: false, pageLoadStrategy: normal, platform: WINDOWS, platformName: WINDOWS, proxy: Proxy(), setWindowRect: true, strictFileInteractability: false, timeouts: {implicit: 0, pageLoad: 300000, script: 30000}, unhandledPromptBehavior: ignore, webauthn:virtualAuthenticators: true}
Session ID: f8ae2cb77a6060e6ec6d2fde66ed03a9
*** Element info: {Using=xpath, value=//*[@id='solicitudes']/tbody/tr/td[1]/a[1]}
For documentation on this error, please visit: https://www.seleniumhq.org/exceptions/no_such_element.html
Build info: version: '3.141.59', revision: 'e82be7d358', time: '2018-11-14T08:17:03'
System info: host: 'DESKTOP-C71OTJT', ip: '192.169.24.62', os.name: 'Windows 10', os.arch: 'amd64', os.version: '10.0', java.version: '13.0.5'
Driver info: driver.version: unknown&#13;
cmpqr.cartera.page.GestionPedido.clicPedido(GestionPedido.java:76)&#13;
cmpqr.cartera.steps.GestionPedidoSteps.clicPedido(GestionPedidoSteps.java:51)&#13;
cmpqrcartera.televentas.stepdefinitions.cedulaciudadania.GestionPedidoBonoConConsignacionStepDefinitions.se_ingresa_al_modulo_de_televentas_y_se_busca_el_pedido(GestionPedidoBonoConConsignacionStepDefinitions.java:31)&#13;
✽.Se ingresa al modulo de televentas y se busca el pedido(src/test/resources/cmpqr.cartera.featuresteleventas/PedidoBonoConConsignacion.feature:32)&#13;
</system-err></testcase></testsuite>